SF:lib/model/mock_user_data.dart
DA:4,3
DA:5,1
DA:47,0
DA:75,0
DA:76,0
LF:5
LH:2
end_of_record
SF:lib/model/user_model.dart
DA:23,1
DA:43,0
DA:44,0
DA:45,0
DA:46,0
DA:47,0
DA:48,0
DA:49,0
DA:50,0
DA:51,0
DA:52,0
DA:53,0
DA:54,0
DA:55,0
DA:56,0
DA:57,0
DA:58,0
DA:59,0
DA:60,0
DA:61,0
DA:64,0
DA:65,0
DA:66,0
DA:67,0
DA:68,0
DA:69,0
DA:70,0
DA:71,0
DA:72,0
DA:73,0
DA:74,0
DA:75,0
DA:76,0
DA:77,0
DA:78,0
DA:79,0
DA:80,0
DA:81,0
DA:82,0
DA:83,0
DA:87,1
DA:89,6
DA:90,9
DA:91,4
LF:44
LH:5
end_of_record
SF:lib/view_model/home_bloc.dart
DA:12,3
DA:13,2
DA:14,2
DA:16,3
DA:18,1
DA:20,5
DA:21,2
DA:27,0
DA:28,0
DA:37,0
DA:38,0
DA:39,0
DA:41,0
DA:42,0
LF:14
LH:7
end_of_record
SF:lib/view_model/home_event.dart
DA:8,0
DA:10,0
DA:18,0
DA:20,0
DA:22,0
DA:26,0
DA:28,0
LF:7
LH:0
end_of_record
SF:lib/view_model/home_repository.dart
DA:9,0
DA:11,0
DA:13,0
DA:14,0
DA:15,0
DA:16,0
DA:18,0
DA:21,0
DA:22,0
DA:24,0
LF:10
LH:0
end_of_record
SF:lib/view_model/home_state.dart
DA:6,1
DA:10,1
DA:12,0
DA:14,0
DA:18,1
DA:20,1
DA:22,1
DA:29,1
DA:31,1
DA:33,2
DA:38,1
DA:40,1
DA:42,1
DA:46,0
DA:50,0
DA:52,0
DA:54,0
DA:58,0
DA:60,0
DA:66,0
DA:68,0
DA:70,0
LF:22
LH:11
end_of_record
